2025-03-09 18:51:20 - Database - INFO - Database tables created/verified in cargo_tracker.db
2025-03-09 18:51:20 - Database - INFO - Populated items table with 50 commodities
2025-03-09 18:51:20 - Database - INFO - Database successfully initialized
2025-03-09 18:52:55 - Database - INFO - Added construction site: Satellite C
2025-03-09 18:52:55 - Database - INFO - Database tables created/verified in Satellite C.db
2025-03-09 18:53:37 - Database - INFO - Added new requirement: 115 units of Agri-Medicines for Satellite C
2025-03-09 18:53:37 - Database - INFO - Added new requirement: 4298 units of Aluminium for Satellite C
2025-03-09 18:53:37 - Database - INFO - Added new requirement: 176 units of Bioreducing Lichen for Satellite C
2025-03-09 18:53:37 - Database - INFO - Added new requirement: 732 units of Biowaste for Satellite C
2025-03-09 18:53:37 - Database - INFO - Added new requirement: 3994 units of CMM Composites for Satellite C
2025-03-09 18:53:37 - Database - INFO - Added new requirement: 725 units of Ceramic Composites for Satellite C
2025-03-09 18:53:37 - Database - INFO - Added new requirement: 54 units of Computer Components for Satellite C
2025-03-09 18:53:37 - Database - INFO - Added new requirement: 400 units of Copper for Satellite C
2025-03-09 18:53:37 - Database - INFO - Added new requirement: 515 units of Crop Harvesters for Satellite C
2025-03-09 18:53:37 - Database - INFO - Added new requirement: 165 units of Emergency Power Cells for Satellite C
2025-03-09 18:53:37 - Database - INFO - Added new requirement: 27 units of Evacuation Shelter for Satellite C
2025-03-09 18:53:37 - Database - INFO - Added new requirement: 294 units of Food Cartridges for Satellite C
2025-03-09 18:53:37 - Database - INFO - Added new requirement: 146 units of Fruit & Veg for Satellite C
2025-03-09 18:53:37 - Database - INFO - Added new requirement: 26 units of Geological Equipment for Satellite C
2025-03-09 18:53:37 - Database - INFO - Added new requirement: 91 units of Grain for Satellite C
2025-03-09 18:53:37 - Database - INFO - Added new requirement: 13 units of H.E. Suits for Satellite C
2025-03-09 18:53:37 - Database - INFO - Added new requirement: 737 units of Insulating Membranes for Satellite C
2025-03-09 18:53:37 - Database - INFO - Added new requirement: 1967 units of Land Enrichment Systems for Satellite C
2025-03-09 18:53:37 - Database - INFO - Added new requirement: 3201 units of Liquid Oxygen for Satellite C
2025-03-09 18:53:38 - Database - INFO - Added new requirement: 13 units of Medical Diag. Equip. for Satellite C
2025-03-09 18:53:38 - Database - INFO - Added new requirement: 14 units of Micro Controllers for Satellite C
2025-03-09 18:53:38 - Database - INFO - Added new requirement: 43 units of Muon Imager for Satellite C
2025-03-09 18:53:38 - Database - INFO - Added new requirement: 13 units of Non-Lethal Weapon for Satellite C
2025-03-09 18:53:38 - Database - INFO - Added new requirement: 371 units of Pesticides for Satellite C
2025-03-09 18:53:38 - Database - INFO - Added new requirement: 1290 units of Polymers for Satellite C
2025-03-09 18:53:38 - Database - INFO - Added new requirement: 45 units of Power Generators for Satellite C
2025-03-09 18:53:38 - Database - INFO - Added new requirement: 22 units of Resonating Separators for Satellite C
2025-03-09 18:53:38 - Database - INFO - Added new requirement: 59 units of Robotics for Satellite C
2025-03-09 18:53:38 - Database - INFO - Added new requirement: 89 units of Semiconductors for Satellite C
2025-03-09 18:53:38 - Database - INFO - Added new requirement: 8216 units of Steel for Satellite C
2025-03-09 18:53:38 - Database - INFO - Added new requirement: 117 units of Structural Regulators for Satellite C
2025-03-09 18:53:38 - Database - INFO - Added new requirement: 157 units of Superconductors for Satellite C
2025-03-09 18:53:38 - Database - INFO - Added new requirement: 116 units of Surface Stabilisers for Satellite C
2025-03-09 18:53:38 - Database - INFO - Added new requirement: 28 units of Survival Equipment for Satellite C
2025-03-09 18:53:38 - Database - INFO - Added new requirement: 9591 units of Titanium for Satellite C
2025-03-09 18:53:38 - Database - INFO - Added new requirement: 858 units of Water for Satellite C
2025-03-09 18:53:38 - Database - INFO - Added new requirement: 102 units of Water Purifiers for Satellite C
2025-03-09 18:53:38 - Database - INFO - Updated 37 commodity requirements for Satellite C
2025-03-09 18:57:31 - Database - INFO - Database tables created/verified in cargo_tracker.db
2025-03-09 18:57:31 - Database - INFO - Populated items table with 50 commodities
2025-03-09 18:57:31 - Database - INFO - Database successfully initialized
2025-03-09 18:57:59 - Database - INFO - Updated requirement: 115 units of Agri-Medicines for Satellite C
2025-03-09 18:57:59 - Database - INFO - Updated requirement: 4298 units of Aluminium for Satellite C
2025-03-09 18:57:59 - Database - INFO - Updated requirement: 176 units of Bioreducing Lichen for Satellite C
2025-03-09 18:57:59 - Database - INFO - Updated requirement: 732 units of Biowaste for Satellite C
2025-03-09 18:57:59 - Database - INFO - Updated requirement: 3994 units of CMM Composites for Satellite C
2025-03-09 18:57:59 - Database - INFO - Updated requirement: 725 units of Ceramic Composites for Satellite C
2025-03-09 18:57:59 - Database - INFO - Updated requirement: 54 units of Computer Components for Satellite C
2025-03-09 18:57:59 - Database - INFO - Updated requirement: 515 units of Crop Harvesters for Satellite C
2025-03-09 18:57:59 - Database - INFO - Updated requirement: 165 units of Emergency Power Cells for Satellite C
2025-03-09 18:57:59 - Database - INFO - Updated requirement: 27 units of Evacuation Shelter for Satellite C
2025-03-09 18:57:59 - Database - INFO - Updated requirement: 26 units of Geological Equipment for Satellite C
2025-03-09 18:57:59 - Database - INFO - Updated requirement: 91 units of Grain for Satellite C
2025-03-09 18:57:59 - Database - INFO - Updated requirement: 13 units of H.E. Suits for Satellite C
2025-03-09 18:57:59 - Database - INFO - Updated requirement: 737 units of Insulating Membranes for Satellite C
2025-03-09 18:57:59 - Database - INFO - Updated requirement: 1967 units of Land Enrichment Systems for Satellite C
2025-03-09 18:57:59 - Database - INFO - Updated requirement: 3201 units of Liquid Oxygen for Satellite C
2025-03-09 18:57:59 - Database - INFO - Updated requirement: 13 units of Medical Diag. Equip. for Satellite C
2025-03-09 18:57:59 - Database - INFO - Updated requirement: 14 units of Micro Controllers for Satellite C
2025-03-09 18:57:59 - Database - INFO - Updated requirement: 43 units of Muon Imager for Satellite C
2025-03-09 18:57:59 - Database - INFO - Updated requirement: 13 units of Non-Lethal Weapon for Satellite C
2025-03-09 18:57:59 - Database - INFO - Updated requirement: 371 units of Pesticides for Satellite C
2025-03-09 18:57:59 - Database - INFO - Updated requirement: 1290 units of Polymers for Satellite C
2025-03-09 18:57:59 - Database - INFO - Updated requirement: 45 units of Power Generators for Satellite C
2025-03-09 18:57:59 - Database - INFO - Updated requirement: 22 units of Resonating Separators for Satellite C
2025-03-09 18:57:59 - Database - INFO - Updated requirement: 59 units of Robotics for Satellite C
2025-03-09 18:57:59 - Database - INFO - Updated requirement: 89 units of Semiconductors for Satellite C
2025-03-09 18:57:59 - Database - INFO - Updated requirement: 8216 units of Steel for Satellite C
2025-03-09 18:57:59 - Database - INFO - Updated requirement: 117 units of Structural Regulators for Satellite C
2025-03-09 18:57:59 - Database - INFO - Updated requirement: 157 units of Superconductors for Satellite C
2025-03-09 18:57:59 - Database - INFO - Updated requirement: 116 units of Surface Stabilisers for Satellite C
2025-03-09 18:57:59 - Database - INFO - Updated requirement: 28 units of Survival Equipment for Satellite C
2025-03-09 18:57:59 - Database - INFO - Updated requirement: 9591 units of Titanium for Satellite C
2025-03-09 18:57:59 - Database - INFO - Updated requirement: 858 units of Water for Satellite C
2025-03-09 18:57:59 - Database - INFO - Updated requirement: 102 units of Water Purifiers for Satellite C
2025-03-09 18:57:59 - Database - INFO - Updated 34 commodity requirements for Satellite C
2025-03-09 18:58:23 - Database - INFO - Removed construction site: Settlement B
2025-03-09 18:58:23 - Database - ERROR - File error in remove_construction_site: [WinError 32] The process cannot access the file because it is being used by another process: 'g:\\My Drive\\Projects\\Git Home\\EDColonyTracker\\EDColonyTracker\\databases\\Settlement B.db'
2025-03-09 18:59:28 - Database - INFO - Removed construction site: Orbital A
2025-03-09 18:59:28 - Database - ERROR - File error in remove_construction_site: [WinError 32] The process cannot access the file because it is being used by another process: 'g:\\My Drive\\Projects\\Git Home\\EDColonyTracker\\EDColonyTracker\\databases\\Orbital A.db'
2025-03-09 19:12:15 - Database - INFO - Database tables created/verified in cargo_tracker.db
2025-03-09 19:12:15 - Database - INFO - Populated items table with 50 commodities
2025-03-09 19:12:15 - Database - INFO - Database successfully initialized
2025-03-09 19:12:39 - Database - INFO - Added construction site: Orbital B
2025-03-09 19:12:39 - Database - INFO - Database tables created/verified in Orbital B.db
2025-03-09 19:14:26 - Database - INFO - Updated requirement: 1000 units of Aluminium for Satellite C
2025-03-09 19:14:26 - Database - INFO - Updated 1 commodity requirements for Satellite C
2025-03-09 19:14:50 - Database - INFO - Added new requirement: 115 units of Agri-Medicines for Orbital B
2025-03-09 19:14:50 - Database - INFO - Added new requirement: 1000 units of Aluminium for Orbital B
2025-03-09 19:14:50 - Database - INFO - Added new requirement: 176 units of Bioreducing Lichen for Orbital B
2025-03-09 19:14:50 - Database - INFO - Added new requirement: 732 units of Biowaste for Orbital B
2025-03-09 19:14:50 - Database - INFO - Added new requirement: 3994 units of CMM Composites for Orbital B
2025-03-09 19:14:50 - Database - INFO - Added new requirement: 725 units of Ceramic Composites for Orbital B
2025-03-09 19:14:50 - Database - INFO - Added new requirement: 54 units of Computer Components for Orbital B
2025-03-09 19:14:50 - Database - INFO - Added new requirement: 400 units of Copper for Orbital B
2025-03-09 19:14:50 - Database - INFO - Added new requirement: 515 units of Crop Harvesters for Orbital B
2025-03-09 19:14:50 - Database - INFO - Added new requirement: 165 units of Emergency Power Cells for Orbital B
2025-03-09 19:14:50 - Database - INFO - Added new requirement: 27 units of Evacuation Shelter for Orbital B
2025-03-09 19:14:50 - Database - INFO - Added new requirement: 294 units of Food Cartridges for Orbital B
2025-03-09 19:14:50 - Database - INFO - Added new requirement: 146 units of Fruit & Veg for Orbital B
2025-03-09 19:14:50 - Database - INFO - Added new requirement: 26 units of Geological Equipment for Orbital B
2025-03-09 19:14:51 - Database - INFO - Added new requirement: 91 units of Grain for Orbital B
2025-03-09 19:14:51 - Database - INFO - Added new requirement: 13 units of H.E. Suits for Orbital B
2025-03-09 19:14:51 - Database - INFO - Added new requirement: 737 units of Insulating Membranes for Orbital B
2025-03-09 19:14:51 - Database - INFO - Added new requirement: 1967 units of Land Enrichment Systems for Orbital B
2025-03-09 19:14:51 - Database - INFO - Added new requirement: 3201 units of Liquid Oxygen for Orbital B
2025-03-09 19:14:51 - Database - INFO - Added new requirement: 13 units of Medical Diag. Equip. for Orbital B
2025-03-09 19:14:51 - Database - INFO - Added new requirement: 157 units of Superconductors for Orbital B

2025-03-09 19:14:51 - Database - INFO - Added new requirement: 43 units of Muon Imager for Orbital B
2025-03-09 19:14:51 - Database - INFO - Added new requirement: 13 units of Non-Lethal Weapon for Orbital B
2025-03-09 19:14:51 - Database - INFO - Added new requirement: 371 units of Pesticides for Orbital B
2025-03-09 19:14:51 - Database - INFO - Added new requirement: 1290 units of Polymers for Orbital B
2025-03-09 19:14:51 - Database - INFO - Added new requirement: 45 units of Power Generators for Orbital B
2025-03-09 19:14:51 - Database - INFO - Added new requirement: 22 units of Resonating Separators for Orbital B
2025-03-09 19:14:51 - Database - INFO - Added new requirement: 59 units of Robotics for Orbital B
2025-03-09 19:14:51 - Database - INFO - Added new requirement: 89 units of Semiconductors for Orbital B
2025-03-09 19:14:51 - Database - INFO - Added new requirement: 8216 units of Steel for Orbital B
2025-03-09 19:14:51 - Database - INFO - Added new requirement: 117 units of Structural Regulators for Orbital B
2025-03-09 19:14:51 - Database - INFO - Added new requirement: 116 units of Surface Stabilisers for Orbital B
2025-03-09 19:14:52 - Database - INFO - Added new requirement: 28 units of Survival Equipment for Orbital B
2025-03-09 19:14:52 - Database - INFO - Added new requirement: 9591 units of Titanium for Orbital B
2025-03-09 19:14:52 - Database - INFO - Added new requirement: 858 units of Water for Orbital B
2025-03-09 19:14:52 - Database - INFO - Added new requirement: 102 units of Water Purifiers for Orbital B
2025-03-09 19:14:52 - Database - INFO - Updated 37 commodity requirements for Orbital B
2025-03-09 19:15:35 - Database - INFO - Removed construction site: Orbital B
2025-03-09 19:15:35 - Database - INFO - Removed database file for Orbital B
2025-03-09 19:15:40 - Database - INFO - Removed construction site: Satellite C
2025-03-09 19:15:40 - Database - INFO - Removed database file for Satellite C
2025-03-09 19:15:52 - Database - ERROR - Database error in fetch_deliveries: no such table: deliveries
2025-03-09 19:15:53 - Database - ERROR - Database error in fetch_deliveries: no such table: deliveries
2025-03-09 19:15:57 - Database - ERROR - Database error in clear_deliveries: no such table: deliveries
2025-03-09 19:15:57 - Database - ERROR - Database error in fetch_deliveries: no such table: deliveries
2025-03-09 19:16:24 - Database - INFO - Added construction site: Orbital A
2025-03-09 19:16:24 - Database - INFO - Database tables created/verified in Orbital A.db
2025-03-09 19:16:24 - Database - INFO - Updated requirement: 0 units of Advance Catalysers for Orbital A
2025-03-09 19:16:24 - Database - INFO - Database tables created/verified in Orbital A.db
2025-03-09 19:16:24 - Database - INFO - Updated requirement: 115 units of Agri-Medicines for Orbital A
2025-03-09 19:16:24 - Database - INFO - Database tables created/verified in Orbital A.db
2025-03-09 19:16:24 - Database - INFO - Updated requirement: 4298 units of Aluminium for Orbital A
2025-03-09 19:16:24 - Database - INFO - Database tables created/verified in Orbital A.db
2025-03-09 19:16:24 - Database - INFO - Updated requirement: 0 units of Animal Meat for Orbital A
2025-03-09 19:16:24 - Database - INFO - Database tables created/verified in Orbital A.db
2025-03-09 19:16:24 - Database - INFO - Updated requirement: 0 units of Basic Medicines for Orbital A
2025-03-09 19:16:24 - Database - INFO - Database tables created/verified in Orbital A.db
2025-03-09 19:16:24 - Database - INFO - Updated requirement: 0 units of Battle Weapons for Orbital A
2025-03-09 19:16:24 - Database - INFO - Database tables created/verified in Orbital A.db
2025-03-09 19:16:24 - Database - INFO - Updated requirement: 0 units of Beer for Orbital A
2025-03-09 19:16:24 - Database - INFO - Database tables created/verified in Orbital A.db
2025-03-09 19:16:24 - Database - INFO - Updated requirement: 176 units of Bioreducing Lichen for Orbital A
2025-03-09 19:16:24 - Database - INFO - Database tables created/verified in Orbital A.db
2025-03-09 19:16:24 - Database - INFO - Updated requirement: 732 units of Biowaste for Orbital A
2025-03-09 19:16:24 - Database - INFO - Database tables created/verified in Orbital A.db
2025-03-09 19:16:24 - Database - INFO - Updated requirement: 725 units of Ceramic Composites for Orbital A
2025-03-09 19:16:24 - Database - INFO - Database tables created/verified in Orbital A.db
2025-03-09 19:16:24 - Database - INFO - Updated requirement: 3994 units of CMM Composites for Orbital A
2025-03-09 19:16:24 - Database - INFO - Database tables created/verified in Orbital A.db
2025-03-09 19:16:24 - Database - INFO - Updated requirement: 0 units of Coffee for Orbital A
2025-03-09 19:16:24 - Database - INFO - Database tables created/verified in Orbital A.db
2025-03-09 19:16:24 - Database - INFO - Updated requirement: 0 units of Combat Stabilisers for Orbital A
2025-03-09 19:16:24 - Database - INFO - Database tables created/verified in Orbital A.db
2025-03-09 19:16:24 - Database - INFO - Updated requirement: 54 units of Computer Components for Orbital A
2025-03-09 19:16:24 - Database - INFO - Database tables created/verified in Orbital A.db
2025-03-09 19:16:24 - Database - INFO - Updated requirement: 400 units of Copper for Orbital A
2025-03-09 19:16:24 - Database - INFO - Database tables created/verified in Orbital A.db
2025-03-09 19:16:24 - Database - INFO - Updated requirement: 515 units of Crop Harvesters for Orbital A
2025-03-09 19:16:24 - Database - INFO - Database tables created/verified in Orbital A.db
2025-03-09 19:16:24 - Database - INFO - Updated requirement: 165 units of Emergency Power Cells for Orbital A
2025-03-09 19:16:24 - Database - INFO - Database tables created/verified in Orbital A.db
2025-03-09 19:16:24 - Database - INFO - Updated requirement: 27 units of Evacuation Shelter for Orbital A
2025-03-09 19:16:24 - Database - INFO - Database tables created/verified in Orbital A.db
2025-03-09 19:16:24 - Database - INFO - Updated requirement: 0 units of Fish for Orbital A
2025-03-09 19:16:24 - Database - INFO - Database tables created/verified in Orbital A.db
2025-03-09 19:16:24 - Database - INFO - Updated requirement: 294 units of Food Cartridges for Orbital A
2025-03-09 19:16:24 - Database - INFO - Database tables created/verified in Orbital A.db
2025-03-09 19:16:24 - Database - INFO - Updated requirement: 146 units of Fruit & Veg for Orbital A
2025-03-09 19:16:24 - Database - INFO - Database tables created/verified in Orbital A.db
2025-03-09 19:16:24 - Database - INFO - Updated requirement: 26 units of Geological Equipment for Orbital A
2025-03-09 19:16:24 - Database - INFO - Database tables created/verified in Orbital A.db
2025-03-09 19:16:24 - Database - INFO - Updated requirement: 91 units of Grain for Orbital A
2025-03-09 19:16:24 - Database - INFO - Database tables created/verified in Orbital A.db
2025-03-09 19:16:24 - Database - INFO - Updated requirement: 13 units of H.E. Suits for Orbital A
2025-03-09 19:16:24 - Database - INFO - Database tables created/verified in Orbital A.db
2025-03-09 19:16:24 - Database - INFO - Updated requirement: 737 units of Insulating Membranes for Orbital A
2025-03-09 19:16:24 - Database - INFO - Database tables created/verified in Orbital A.db
2025-03-09 19:16:24 - Database - INFO - Updated requirement: 1967 units of Land Enrichment Systems for Orbital A
2025-03-09 19:16:24 - Database - INFO - Database tables created/verified in Orbital A.db
2025-03-09 19:16:24 - Database - INFO - Updated requirement: 3201 units of Liquid Oxygen for Orbital A
2025-03-09 19:16:24 - Database - INFO - Database tables created/verified in Orbital A.db
2025-03-09 19:16:24 - Database - INFO - Updated requirement: 0 units of Liquor for Orbital A
2025-03-09 19:16:24 - Database - INFO - Database tables created/verified in Orbital A.db
2025-03-09 19:16:24 - Database - INFO - Updated requirement: 13 units of Medical Diag. Equip. for Orbital A
2025-03-09 19:16:24 - Database - INFO - Database tables created/verified in Orbital A.db
2025-03-09 19:16:24 - Database - INFO - Updated requirement: 14 units of Micro Controllers for Orbital A
2025-03-09 19:16:24 - Database - INFO - Database tables created/verified in Orbital A.db
2025-03-09 19:16:24 - Database - INFO - Updated requirement: 0 units of Military Grade Fabrics for Orbital A
2025-03-09 19:16:24 - Database - INFO - Database tables created/verified in Orbital A.db
2025-03-09 19:16:24 - Database - INFO - Updated requirement: 43 units of Muon Imager for Orbital A
2025-03-09 19:16:24 - Database - INFO - Database tables created/verified in Orbital A.db
2025-03-09 19:16:24 - Database - INFO - Updated requirement: 13 units of Non-Lethal Weapon for Orbital A
2025-03-09 19:16:24 - Database - INFO - Database tables created/verified in Orbital A.db
2025-03-09 19:16:24 - Database - INFO - Updated requirement: 371 units of Pesticides for Orbital A
2025-03-09 19:16:24 - Database - INFO - Database tables created/verified in Orbital A.db
2025-03-09 19:16:24 - Database - INFO - Updated requirement: 1290 units of Polymers for Orbital A
2025-03-09 19:16:24 - Database - INFO - Database tables created/verified in Orbital A.db
2025-03-09 19:16:24 - Database - INFO - Updated requirement: 45 units of Power Generators for Orbital A
2025-03-09 19:16:24 - Database - INFO - Database tables created/verified in Orbital A.db
2025-03-09 19:16:24 - Database - INFO - Updated requirement: 0 units of Reactive Armour for Orbital A
2025-03-09 19:16:24 - Database - INFO - Database tables created/verified in Orbital A.db
2025-03-09 19:16:24 - Database - INFO - Updated requirement: 22 units of Resonating Separators for Orbital A
2025-03-09 19:16:24 - Database - INFO - Database tables created/verified in Orbital A.db
2025-03-09 19:16:24 - Database - INFO - Updated requirement: 59 units of Robotics for Orbital A
2025-03-09 19:16:24 - Database - INFO - Database tables created/verified in Orbital A.db
2025-03-09 19:16:24 - Database - INFO - Updated requirement: 89 units of Semiconductors for Orbital A
2025-03-09 19:16:24 - Database - INFO - Database tables created/verified in Orbital A.db
2025-03-09 19:16:24 - Database - INFO - Updated requirement: 8216 units of Steel for Orbital A
2025-03-09 19:16:24 - Database - INFO - Database tables created/verified in Orbital A.db
2025-03-09 19:16:24 - Database - INFO - Updated requirement: 117 units of Structural Regulators for Orbital A
2025-03-09 19:16:24 - Database - INFO - Database tables created/verified in Orbital A.db
2025-03-09 19:16:24 - Database - INFO - Updated requirement: 116 units of Surface Stabilisers for Orbital A
2025-03-09 19:16:24 - Database - INFO - Database tables created/verified in Orbital A.db
2025-03-09 19:16:24 - Database - INFO - Updated requirement: 28 units of Survival Equipment for Orbital A
2025-03-09 19:16:24 - Database - INFO - Database tables created/verified in Orbital A.db
2025-03-09 19:16:24 - Database - INFO - Updated requirement: 157 units of Superconductors for Orbital A
2025-03-09 19:16:24 - Database - INFO - Database tables created/verified in Orbital A.db
2025-03-09 19:16:24 - Database - INFO - Updated requirement: 0 units of Tea for Orbital A
2025-03-09 19:16:24 - Database - INFO - Database tables created/verified in Orbital A.db
2025-03-09 19:16:24 - Database - INFO - Updated requirement: 9591 units of Titanium for Orbital A
2025-03-09 19:16:24 - Database - INFO - Database tables created/verified in Orbital A.db
2025-03-09 19:16:24 - Database - INFO - Updated requirement: 858 units of Water for Orbital A
2025-03-09 19:16:24 - Database - INFO - Database tables created/verified in Orbital A.db
2025-03-09 19:16:24 - Database - INFO - Updated requirement: 102 units of Water Purifiers for Orbital A
2025-03-09 19:16:24 - Database - INFO - Database tables created/verified in Orbital A.db
2025-03-09 19:16:24 - Database - INFO - Updated requirement: 0 units of Wine for Orbital A
2025-03-09 19:16:24 - Database - INFO - Added construction site: Settlement B
2025-03-09 19:16:24 - Database - INFO - Database tables created/verified in Settlement B.db
2025-03-09 19:16:24 - Database - INFO - Updated requirement: 0 units of Advance Catalysers for Settlement B
2025-03-09 19:16:24 - Database - INFO - Database tables created/verified in Settlement B.db
2025-03-09 19:16:24 - Database - INFO - Updated requirement: 115 units of Agri-Medicines for Settlement B
2025-03-09 19:16:24 - Database - INFO - Database tables created/verified in Settlement B.db
2025-03-09 19:16:24 - Database - INFO - Updated requirement: 4298 units of Aluminium for Settlement B
2025-03-09 19:16:24 - Database - INFO - Database tables created/verified in Settlement B.db
2025-03-09 19:16:24 - Database - INFO - Updated requirement: 0 units of Animal Meat for Settlement B
2025-03-09 19:16:24 - Database - INFO - Database tables created/verified in Settlement B.db
2025-03-09 19:16:24 - Database - INFO - Updated requirement: 0 units of Basic Medicines for Settlement B
2025-03-09 19:16:24 - Database - INFO - Database tables created/verified in Settlement B.db
2025-03-09 19:16:24 - Database - INFO - Updated requirement: 0 units of Battle Weapons for Settlement B
2025-03-09 19:16:24 - Database - INFO - Database tables created/verified in Settlement B.db
2025-03-09 19:16:24 - Database - INFO - Updated requirement: 0 units of Beer for Settlement B
2025-03-09 19:16:24 - Database - INFO - Database tables created/verified in Settlement B.db
2025-03-09 19:16:24 - Database - INFO - Updated requirement: 176 units of Bioreducing Lichen for Settlement B
2025-03-09 19:16:24 - Database - INFO - Database tables created/verified in Settlement B.db
2025-03-09 19:16:24 - Database - INFO - Updated requirement: 732 units of Biowaste for Settlement B
2025-03-09 19:16:25 - Database - INFO - Database tables created/verified in Settlement B.db
2025-03-09 19:16:25 - Database - INFO - Updated requirement: 725 units of Ceramic Composites for Settlement B
2025-03-09 19:16:25 - Database - INFO - Database tables created/verified in Settlement B.db
2025-03-09 19:16:25 - Database - INFO - Updated requirement: 3994 units of CMM Composites for Settlement B
2025-03-09 19:16:25 - Database - INFO - Database tables created/verified in Settlement B.db
2025-03-09 19:16:25 - Database - INFO - Updated requirement: 0 units of Coffee for Settlement B
2025-03-09 19:16:25 - Database - INFO - Database tables created/verified in Settlement B.db
2025-03-09 19:16:25 - Database - INFO - Updated requirement: 0 units of Combat Stabilisers for Settlement B
2025-03-09 19:16:25 - Database - INFO - Database tables created/verified in Settlement B.db
2025-03-09 19:16:25 - Database - INFO - Updated requirement: 54 units of Computer Components for Settlement B
2025-03-09 19:16:25 - Database - INFO - Database tables created/verified in Settlement B.db
2025-03-09 19:16:25 - Database - INFO - Updated requirement: 400 units of Copper for Settlement B
2025-03-09 19:16:25 - Database - INFO - Database tables created/verified in Settlement B.db
2025-03-09 19:16:25 - Database - INFO - Updated requirement: 515 units of Crop Harvesters for Settlement B
2025-03-09 19:16:25 - Database - INFO - Database tables created/verified in Settlement B.db
2025-03-09 19:16:25 - Database - INFO - Updated requirement: 165 units of Emergency Power Cells for Settlement B
2025-03-09 19:16:25 - Database - INFO - Database tables created/verified in Settlement B.db
2025-03-09 19:16:25 - Database - INFO - Updated requirement: 27 units of Evacuation Shelter for Settlement B
2025-03-09 19:16:25 - Database - INFO - Database tables created/verified in Settlement B.db
2025-03-09 19:16:25 - Database - INFO - Updated requirement: 0 units of Fish for Settlement B
2025-03-09 19:16:25 - Database - INFO - Database tables created/verified in Settlement B.db
2025-03-09 19:16:25 - Database - INFO - Updated requirement: 294 units of Food Cartridges for Settlement B
2025-03-09 19:16:25 - Database - INFO - Database tables created/verified in Settlement B.db
2025-03-09 19:16:25 - Database - INFO - Updated requirement: 146 units of Fruit & Veg for Settlement B
2025-03-09 19:16:25 - Database - INFO - Database tables created/verified in Settlement B.db
2025-03-09 19:16:25 - Database - INFO - Updated requirement: 26 units of Geological Equipment for Settlement B
2025-03-09 19:16:25 - Database - INFO - Database tables created/verified in Settlement B.db
2025-03-09 19:16:25 - Database - INFO - Updated requirement: 91 units of Grain for Settlement B
2025-03-09 19:16:25 - Database - INFO - Database tables created/verified in Settlement B.db
2025-03-09 19:16:25 - Database - INFO - Updated requirement: 13 units of H.E. Suits for Settlement B
2025-03-09 19:16:25 - Database - INFO - Database tables created/verified in Settlement B.db
2025-03-09 19:16:25 - Database - INFO - Updated requirement: 737 units of Insulating Membranes for Settlement B
2025-03-09 19:16:25 - Database - INFO - Database tables created/verified in Settlement B.db
2025-03-09 19:16:25 - Database - INFO - Updated requirement: 1967 units of Land Enrichment Systems for Settlement B
2025-03-09 19:16:25 - Database - INFO - Database tables created/verified in Settlement B.db
2025-03-09 19:16:25 - Database - INFO - Updated requirement: 3201 units of Liquid Oxygen for Settlement B
2025-03-09 19:16:25 - Database - INFO - Database tables created/verified in Settlement B.db
2025-03-09 19:16:25 - Database - INFO - Updated requirement: 0 units of Liquor for Settlement B
2025-03-09 19:16:25 - Database - INFO - Database tables created/verified in Settlement B.db
2025-03-09 19:16:25 - Database - INFO - Updated requirement: 13 units of Medical Diag. Equip. for Settlement B
2025-03-09 19:16:25 - Database - INFO - Database tables created/verified in Settlement B.db
2025-03-09 19:16:25 - Database - INFO - Updated requirement: 14 units of Micro Controllers for Settlement B
2025-03-09 19:16:25 - Database - INFO - Database tables created/verified in Settlement B.db
2025-03-09 19:16:25 - Database - INFO - Updated requirement: 0 units of Military Grade Fabrics for Settlement B
2025-03-09 19:16:25 - Database - INFO - Database tables created/verified in Settlement B.db
2025-03-09 19:16:25 - Database - INFO - Updated requirement: 43 units of Muon Imager for Settlement B
2025-03-09 19:16:25 - Database - INFO - Database tables created/verified in Settlement B.db
2025-03-09 19:16:25 - Database - INFO - Updated requirement: 13 units of Non-Lethal Weapon for Settlement B
2025-03-09 19:16:25 - Database - INFO - Database tables created/verified in Settlement B.db
2025-03-09 19:16:25 - Database - INFO - Updated requirement: 371 units of Pesticides for Settlement B
2025-03-09 19:16:25 - Database - INFO - Database tables created/verified in Settlement B.db
2025-03-09 19:16:25 - Database - INFO - Updated requirement: 1290 units of Polymers for Settlement B
2025-03-09 19:16:25 - Database - INFO - Database tables created/verified in Settlement B.db
2025-03-09 19:16:25 - Database - INFO - Updated requirement: 45 units of Power Generators for Settlement B
2025-03-09 19:16:25 - Database - INFO - Database tables created/verified in Settlement B.db
2025-03-09 19:16:25 - Database - INFO - Updated requirement: 0 units of Reactive Armour for Settlement B
2025-03-09 19:16:25 - Database - INFO - Database tables created/verified in Settlement B.db
2025-03-09 19:16:25 - Database - INFO - Updated requirement: 22 units of Resonating Separators for Settlement B
2025-03-09 19:16:25 - Database - INFO - Database tables created/verified in Settlement B.db
2025-03-09 19:16:25 - Database - INFO - Updated requirement: 59 units of Robotics for Settlement B
2025-03-09 19:16:25 - Database - INFO - Database tables created/verified in Settlement B.db
2025-03-09 19:16:25 - Database - INFO - Updated requirement: 89 units of Semiconductors for Settlement B
2025-03-09 19:16:25 - Database - INFO - Database tables created/verified in Settlement B.db
2025-03-09 19:16:25 - Database - INFO - Updated requirement: 8216 units of Steel for Settlement B
2025-03-09 19:16:25 - Database - INFO - Database tables created/verified in Settlement B.db
2025-03-09 19:16:25 - Database - INFO - Updated requirement: 117 units of Structural Regulators for Settlement B
2025-03-09 19:16:25 - Database - INFO - Database tables created/verified in Settlement B.db
2025-03-09 19:16:25 - Database - INFO - Updated requirement: 116 units of Surface Stabilisers for Settlement B
2025-03-09 19:16:25 - Database - INFO - Database tables created/verified in Settlement B.db
2025-03-09 19:16:25 - Database - INFO - Updated requirement: 28 units of Survival Equipment for Settlement B
2025-03-09 19:16:25 - Database - INFO - Database tables created/verified in Settlement B.db
2025-03-09 19:16:25 - Database - INFO - Updated requirement: 157 units of Superconductors for Settlement B
2025-03-09 19:16:25 - Database - INFO - Database tables created/verified in Settlement B.db
2025-03-09 19:16:25 - Database - INFO - Updated requirement: 0 units of Tea for Settlement B
2025-03-09 19:16:25 - Database - INFO - Database tables created/verified in Settlement B.db
2025-03-09 19:16:25 - Database - INFO - Updated requirement: 9591 units of Titanium for Settlement B
2025-03-09 19:16:25 - Database - INFO - Database tables created/verified in Settlement B.db
2025-03-09 19:16:25 - Database - INFO - Updated requirement: 858 units of Water for Settlement B
2025-03-09 19:16:25 - Database - INFO - Database tables created/verified in Settlement B.db
2025-03-09 19:16:25 - Database - INFO - Updated requirement: 102 units of Water Purifiers for Settlement B
2025-03-09 19:16:25 - Database - INFO - Database tables created/verified in Settlement B.db
2025-03-09 19:16:25 - Database - INFO - Updated requirement: 0 units of Wine for Settlement B
2025-03-09 19:16:25 - Database - INFO - Successfully imported 100 records from CSV
2025-03-09 19:16:25 - Database - ERROR - Database error in fetch_deliveries: no such table: deliveries
2025-03-09 19:37:48 - Database - INFO - Database tables created/verified in cargo_tracker.db
2025-03-09 19:37:48 - Database - INFO - Populated items table with 50 commodities
2025-03-09 19:37:48 - Database - INFO - Database successfully initialized
2025-03-09 19:37:48 - MainWindow - INFO - Initializing main application window
2025-03-09 19:37:55 - SiteManager - INFO - Opening construction site manager window
2025-03-09 19:38:29 - SiteManager - INFO - Updating commodity requirement: Copper to 400 for Settlement B
2025-03-09 19:38:44 - SiteManager - INFO - Saving 37 commodity requirements for Settlement B
2025-03-09 19:38:44 - Database - INFO - Updated requirement: 115 units of Agri-Medicines for Settlement B
2025-03-09 19:38:44 - Database - INFO - Updated requirement: 4298 units of Aluminium for Settlement B
2025-03-09 19:38:44 - Database - INFO - Updated requirement: 176 units of Bioreducing Lichen for Settlement B
2025-03-09 19:38:44 - Database - INFO - Updated requirement: 732 units of Biowaste for Settlement B
2025-03-09 19:38:44 - Database - INFO - Updated requirement: 3994 units of CMM Composites for Settlement B
2025-03-09 19:38:44 - Database - INFO - Updated requirement: 725 units of Ceramic Composites for Settlement B
2025-03-09 19:38:44 - Database - INFO - Updated requirement: 54 units of Computer Components for Settlement B
2025-03-09 19:38:44 - Database - INFO - Updated requirement: 400 units of Copper for Settlement B
2025-03-09 19:38:44 - Database - INFO - Updated requirement: 515 units of Crop Harvesters for Settlement B
2025-03-09 19:38:44 - Database - INFO - Updated requirement: 165 units of Emergency Power Cells for Settlement B
2025-03-09 19:38:44 - Database - INFO - Updated requirement: 27 units of Evacuation Shelter for Settlement B
2025-03-09 19:38:44 - Database - INFO - Updated requirement: 294 units of Food Cartridges for Settlement B
2025-03-09 19:38:44 - Database - INFO - Updated requirement: 146 units of Fruit & Veg for Settlement B
2025-03-09 19:38:44 - Database - INFO - Updated requirement: 26 units of Geological Equipment for Settlement B
2025-03-09 19:38:44 - Database - INFO - Updated requirement: 91 units of Grain for Settlement B
2025-03-09 19:38:44 - Database - INFO - Updated requirement: 13 units of H.E. Suits for Settlement B
2025-03-09 19:38:44 - Database - INFO - Updated requirement: 737 units of Insulating Membranes for Settlement B
2025-03-09 19:38:44 - Database - INFO - Updated requirement: 1967 units of Land Enrichment Systems for Settlement B
2025-03-09 19:38:44 - Database - INFO - Updated requirement: 3201 units of Liquid Oxygen for Settlement B
2025-03-09 19:38:44 - Database - INFO - Updated requirement: 13 units of Medical Diag. Equip. for Settlement B
2025-03-09 19:38:44 - Database - INFO - Updated requirement: 14 units of Micro Controllers for Settlement B
2025-03-09 19:38:44 - Database - INFO - Updated requirement: 43 units of Muon Imager for Settlement B
2025-03-09 19:38:44 - Database - INFO - Updated requirement: 13 units of Non-Lethal Weapon for Settlement B
2025-03-09 19:38:44 - Database - INFO - Updated requirement: 371 units of Pesticides for Settlement B
2025-03-09 19:38:44 - Database - INFO - Updated requirement: 1290 units of Polymers for Settlement B
2025-03-09 19:38:44 - Database - INFO - Updated requirement: 45 units of Power Generators for Settlement B
2025-03-09 19:38:44 - Database - INFO - Updated requirement: 22 units of Resonating Separators for Settlement B
2025-03-09 19:38:44 - Database - INFO - Updated requirement: 59 units of Robotics for Settlement B
2025-03-09 19:38:44 - Database - INFO - Updated requirement: 89 units of Semiconductors for Settlement B
2025-03-09 19:38:44 - Database - INFO - Updated requirement: 8216 units of Steel for Settlement B
2025-03-09 19:38:44 - Database - INFO - Updated requirement: 117 units of Structural Regulators for Settlement B
2025-03-09 19:38:44 - Database - INFO - Updated requirement: 157 units of Superconductors for Settlement B
2025-03-09 19:38:44 - Database - INFO - Updated requirement: 116 units of Surface Stabilisers for Settlement B
2025-03-09 19:38:44 - Database - INFO - Updated requirement: 28 units of Survival Equipment for Settlement B
2025-03-09 19:38:44 - Database - INFO - Updated requirement: 9591 units of Titanium for Settlement B
2025-03-09 19:38:44 - Database - INFO - Updated requirement: 858 units of Water for Settlement B
2025-03-09 19:38:44 - Database - INFO - Updated requirement: 102 units of Water Purifiers for Settlement B
2025-03-09 19:38:44 - Database - INFO - Updated 37 commodity requirements for Settlement B
2025-03-09 19:39:26 - SiteManager - INFO - Opening construction site manager window
2025-03-09 19:39:37 - SiteManager - INFO - Updating commodity requirement: Copper to 400 for Settlement B
2025-03-09 19:39:59 - SiteManager - INFO - Saving 37 commodity requirements for Settlement B
2025-03-09 19:39:59 - Database - INFO - Updated requirement: 115 units of Agri-Medicines for Settlement B
2025-03-09 19:39:59 - Database - INFO - Updated requirement: 4298 units of Aluminium for Settlement B
2025-03-09 19:39:59 - Database - INFO - Updated requirement: 176 units of Bioreducing Lichen for Settlement B
2025-03-09 19:39:59 - Database - INFO - Updated requirement: 732 units of Biowaste for Settlement B
2025-03-09 19:39:59 - Database - INFO - Updated requirement: 3994 units of CMM Composites for Settlement B
2025-03-09 19:39:59 - Database - INFO - Updated requirement: 725 units of Ceramic Composites for Settlement B
2025-03-09 19:39:59 - Database - INFO - Updated requirement: 54 units of Computer Components for Settlement B
2025-03-09 19:39:59 - Database - INFO - Updated requirement: 400 units of Copper for Settlement B
2025-03-09 19:39:59 - Database - INFO - Updated requirement: 515 units of Crop Harvesters for Settlement B
2025-03-09 19:39:59 - Database - INFO - Updated requirement: 165 units of Emergency Power Cells for Settlement B
2025-03-09 19:39:59 - Database - INFO - Updated requirement: 27 units of Evacuation Shelter for Settlement B
2025-03-09 19:39:59 - Database - INFO - Updated requirement: 294 units of Food Cartridges for Settlement B
2025-03-09 19:39:59 - Database - INFO - Updated requirement: 146 units of Fruit & Veg for Settlement B
2025-03-09 19:39:59 - Database - INFO - Updated requirement: 26 units of Geological Equipment for Settlement B
2025-03-09 19:39:59 - Database - INFO - Updated requirement: 91 units of Grain for Settlement B
2025-03-09 19:39:59 - Database - INFO - Updated requirement: 13 units of H.E. Suits for Settlement B
2025-03-09 19:39:59 - Database - INFO - Updated requirement: 737 units of Insulating Membranes for Settlement B
2025-03-09 19:39:59 - Database - INFO - Updated requirement: 1967 units of Land Enrichment Systems for Settlement B
2025-03-09 19:39:59 - Database - INFO - Updated requirement: 3201 units of Liquid Oxygen for Settlement B
2025-03-09 19:39:59 - Database - INFO - Updated requirement: 13 units of Medical Diag. Equip. for Settlement B
2025-03-09 19:39:59 - Database - INFO - Updated requirement: 14 units of Micro Controllers for Settlement B
2025-03-09 19:39:59 - Database - INFO - Updated requirement: 43 units of Muon Imager for Settlement B
2025-03-09 19:39:59 - Database - INFO - Updated requirement: 13 units of Non-Lethal Weapon for Settlement B
2025-03-09 19:39:59 - Database - INFO - Updated requirement: 371 units of Pesticides for Settlement B
2025-03-09 19:39:59 - Database - INFO - Updated requirement: 1290 units of Polymers for Settlement B
2025-03-09 19:39:59 - Database - INFO - Updated requirement: 45 units of Power Generators for Settlement B
2025-03-09 19:39:59 - Database - INFO - Updated requirement: 22 units of Resonating Separators for Settlement B
2025-03-09 19:39:59 - Database - INFO - Updated requirement: 59 units of Robotics for Settlement B
2025-03-09 19:39:59 - Database - INFO - Updated requirement: 89 units of Semiconductors for Settlement B
2025-03-09 19:39:59 - Database - INFO - Updated requirement: 8216 units of Steel for Settlement B
2025-03-09 19:39:59 - Database - INFO - Updated requirement: 117 units of Structural Regulators for Settlement B
2025-03-09 19:39:59 - Database - INFO - Updated requirement: 157 units of Superconductors for Settlement B
2025-03-09 19:39:59 - Database - INFO - Updated requirement: 116 units of Surface Stabilisers for Settlement B
2025-03-09 19:39:59 - Database - INFO - Updated requirement: 28 units of Survival Equipment for Settlement B
2025-03-09 19:39:59 - Database - INFO - Updated requirement: 9591 units of Titanium for Settlement B
2025-03-09 19:39:59 - Database - INFO - Updated requirement: 858 units of Water for Settlement B
2025-03-09 19:39:59 - Database - INFO - Updated requirement: 102 units of Water Purifiers for Settlement B
2025-03-09 19:39:59 - Database - INFO - Updated 37 commodity requirements for Settlement B
2025-03-09 23:37:05 - Main - INFO - Starting EDColonyTracker application
2025-03-09 23:37:06 - Database - INFO - Database tables created/verified in cargo_tracker.db
2025-03-09 23:37:18 - Database - INFO - Populated items table with 50 commodities
2025-03-09 23:37:18 - Database - INFO - Database successfully initialized
2025-03-09 23:37:18 - Main - WARNING - Could not load application icon: bitmap "resources/icon.ico" not defined
2025-03-09 23:37:18 - MainWindow - INFO - Initializing main application window
2025-03-09 23:37:18 - Main - INFO - No existing construction sites found
2025-03-09 23:37:18 - Main - INFO - Application initialized, starting main loop
2025-03-09 23:37:36 - Main - INFO - Starting EDColonyTracker application
2025-03-09 23:37:36 - Database - INFO - Database tables created/verified in cargo_tracker.db
2025-03-09 23:37:36 - Database - INFO - Populated items table with 50 commodities
2025-03-09 23:37:36 - Database - INFO - Database successfully initialized
2025-03-09 23:37:36 - Main - WARNING - Could not load application icon: bitmap "resources/icon.ico" not defined
2025-03-09 23:37:36 - MainWindow - INFO - Initializing main application window
2025-03-09 23:37:36 - Main - INFO - No existing construction sites found
2025-03-09 23:37:36 - Main - INFO - Application initialized, starting main loop
2025-03-11 15:20:16 - Main - INFO - Starting EDColonyTracker application
2025-03-11 15:20:16 - Database - INFO - Database tables created/verified in cargo_tracker.db
2025-03-11 15:20:16 - Database - INFO - Populated items table with 50 commodities
2025-03-11 15:20:16 - Database - INFO - Database successfully initialized
2025-03-11 15:20:16 - Main - WARNING - Could not load application icon: bitmap "resources/icon.ico" not defined
2025-03-11 15:20:16 - MainWindow - INFO - Initializing main application window
2025-03-11 15:20:16 - Main - INFO - No existing construction sites found
2025-03-11 15:20:16 - Main - INFO - Application initialized, starting main loop
2025-03-11 15:20:18 - SiteManager - INFO - Opening construction site manager window
